<?xml version="1.0" encoding="UTF-8"?>
<testng-results skipped="0" failed="0" total="1" passed="1">
  <reporter-output>
  </reporter-output>
  <suite name="Suite" duration-ms="47217" started-at="2017-03-17T12:29:54Z" finished-at="2017-03-17T12:30:41Z">
    <groups>
    </groups>
    <test name="Test" duration-ms="47217" started-at="2017-03-17T12:29:54Z" finished-at="2017-03-17T12:30:41Z">
      <class name="com.cosmic.cubes.test.regression.TestLoginSC_01">
        <test-method status="PASS" signature="setUp()[pri:0, instance:com.cosmic.cubes.test.regression.TestLoginSC_01@3ac3fd8b]" name="setUp" is-config="true" duration-ms="35786" started-at="2017-03-17T17:59:54Z" finished-at="2017-03-17T18:00:30Z">
          <reporter-output>
          </reporter-output>
        </test-method> <!-- setUp -->
        <test-method status="PASS" signature="testInvalidLoginTC_05()[pri:0, instance:com.cosmic.cubes.test.regression.TestLoginSC_01@3ac3fd8b]" name="testInvalidLoginTC_05" duration-ms="10674" started-at="2017-03-17T18:00:30Z" finished-at="2017-03-17T18:00:40Z">
          <reporter-output>
          </reporter-output>
        </test-method> <!-- testInvalidLoginTC_05 -->
        <test-method status="PASS" signature="tearDown()[pri:0, instance:com.cosmic.cubes.test.regression.TestLoginSC_01@3ac3fd8b]" name="tearDown" is-config="true" duration-ms="719" started-at="2017-03-17T18:00:40Z" finished-at="2017-03-17T18:00:41Z">
          <reporter-output>
          </reporter-output>
        </test-method> <!-- tearDown -->
      </class> <!-- com.cosmic.cubes.test.regression.TestLoginSC_01 -->
    </test> <!-- Test -->
  </suite> <!-- Suite -->
</testng-results>
