<?xml version="1.0" encoding="UTF-8"?>
<testng-results skipped="0" failed="0" ignored="0" total="1" passed="1">
  <reporter-output>
  </reporter-output>
  <suite name="Default suite" duration-ms="9612" started-at="2017-02-25T09:11:51Z" finished-at="2017-02-25T09:12:01Z">
    <groups>
    </groups>
    <test name="Default test" duration-ms="9612" started-at="2017-02-25T09:11:51Z" finished-at="2017-02-25T09:12:01Z">
      <class name="com.cosmic.cubes.test.regression.LoginSC_01">
        <test-method status="PASS" signature="setUp()[pri:0, instance:com.cosmic.cubes.test.regression.LoginSC_01@77caeb3e]" name="setUp" is-config="true" duration-ms="7927" started-at="2017-02-25T14:41:51Z" finished-at="2017-02-25T14:41:59Z">
          <reporter-output>
          </reporter-output>
        </test-method> <!-- setUp -->
        <test-method status="PASS" signature="checkInvalidLoginTC_05()[pri:0, instance:com.cosmic.cubes.test.regression.LoginSC_01@77caeb3e]" name="checkInvalidLoginTC_05" duration-ms="1657" started-at="2017-02-25T14:41:59Z" finished-at="2017-02-25T14:42:01Z">
          <reporter-output>
          </reporter-output>
        </test-method> <!-- checkInvalidLoginTC_05 -->
        <test-method status="PASS" signature="tearDown()[pri:0, instance:com.cosmic.cubes.test.regression.LoginSC_01@77caeb3e]" name="tearDown" is-config="true" duration-ms="9" started-at="2017-02-25T14:42:01Z" finished-at="2017-02-25T14:42:01Z">
          <reporter-output>
          </reporter-output>
        </test-method> <!-- tearDown -->
      </class> <!-- com.cosmic.cubes.test.regression.LoginSC_01 -->
    </test> <!-- Default test -->
  </suite> <!-- Default suite -->
</testng-results>
