<?xml version="1.0" encoding="UTF-8"?>
<testng-results skipped="0" failed="0" ignored="0" total="1" passed="1">
  <reporter-output>
  </reporter-output>
  <suite name="Default suite" duration-ms="36971" started-at="2017-03-17T12:26:15Z" finished-at="2017-03-17T12:26:52Z">
    <groups>
    </groups>
    <test name="Default test" duration-ms="36971" started-at="2017-03-17T12:26:15Z" finished-at="2017-03-17T12:26:52Z">
      <class name="com.cosmic.cubes.test.regression.TestLoginSC_01">
        <test-method status="PASS" signature="setUp()[pri:0, instance:com.cosmic.cubes.test.regression.TestLoginSC_01@77caeb3e]" name="setUp" is-config="true" duration-ms="25520" started-at="2017-03-17T17:56:15Z" finished-at="2017-03-17T17:56:41Z">
          <reporter-output>
          </reporter-output>
        </test-method> <!-- setUp -->
        <test-method status="PASS" signature="testInvalidLoginTC_05()[pri:0, instance:com.cosmic.cubes.test.regression.TestLoginSC_01@77caeb3e]" name="testInvalidLoginTC_05" duration-ms="10827" started-at="2017-03-17T17:56:41Z" finished-at="2017-03-17T17:56:52Z">
          <reporter-output>
          </reporter-output>
        </test-method> <!-- testInvalidLoginTC_05 -->
        <test-method status="PASS" signature="tearDown()[pri:0, instance:com.cosmic.cubes.test.regression.TestLoginSC_01@77caeb3e]" name="tearDown" is-config="true" duration-ms="580" started-at="2017-03-17T17:56:52Z" finished-at="2017-03-17T17:56:52Z">
          <reporter-output>
          </reporter-output>
        </test-method> <!-- tearDown -->
      </class> <!-- com.cosmic.cubes.test.regression.TestLoginSC_01 -->
    </test> <!-- Default test -->
  </suite> <!-- Default suite -->
</testng-results>
